Arguments: 
  C:\Program Files\nodejs\node.exe C:\Program Files (x86)\Yarn\bin\yarn.js

PATH: 
  C:\Program Files (x86)\Intel\iCLS Client\;C:\Program Files\Intel\iCLS Client\;C:\WINDOWS\system32;C:\WINDOWS;C:\WINDOWS\System32\Wbem;C:\WINDOWS\System32\WindowsPowerShell\v1.0\;C:\Program Files\Intel\WiFi\bin\;C:\Program Files\Common Files\Intel\WirelessCommon\;C:\Program Files (x86)\Intel\Intel(R) Management Engine Components\DAL;C:\Program Files\Intel\Intel(R) Management Engine Components\DAL;C:\Program Files (x86)\Intel\Intel(R) Management Engine Components\IPT;C:\Program Files\Intel\Intel(R) Management Engine Components\IPT;C:\Program Files\Symantec.cloud\PlatformAgent\;C:\Program Files\Microsoft SQL Server\Client SDK\ODBC\130\Tools\Binn\;C:\Program Files (x86)\Microsoft SQL Server\130\Tools\Binn\;C:\Program Files\Microsoft SQL Server\130\Tools\Binn\;C:\Program Files\Microsoft SQL Server\130\DTS\Binn\;C:\Program Files (x86)\Microsoft SQL Server\Client SDK\ODBC\130\Tools\Binn\;C:\Program Files (x86)\Microsoft SQL Server\140\Tools\Binn\;C:\Program Files (x86)\Microsoft SQL Server\140\DTS\Binn\;C:\Program Files (x86)\Microsoft SQL Server\140\Tools\Binn\ManagementStudio\;C:\Program Files\Redis\;C:\Program Files\dotnet\;C:\Program Files\nodejs\;C:\Program Files (x86)\Sennheiser\SoftphoneSDK\;C:\Program Files\Git\cmd;C:\Program Files (x86)\Yarn\bin;C:\Users\tlawandi\AppData\Local\Microsoft\WindowsApps;C:\Users\tlawandi\AppData\Roaming\npm;C:\Program Files\Microsoft VS Code\bin;C:\Users\tlawandi\AppData\Local\Yarn\bin

Yarn version: 
  1.3.2

Node version: 
  6.11.2

Platform: 
  win32 x64

npm manifest: 
  {
    "name": "aureliaapp",
    "description": "An Aurelia client application.",
    "version": "0.1.0",
    "repository": {
      "type": "???",
      "url": "???"
    },
    "license": "MIT",
    "dependencies": {
      "aurelia-bootstrapper": "^2.1.1",
      "aurelia-animator-css": "^1.0.2",
      "bluebird": "^3.4.1",
      "requirejs": "^2.3.2",
      "text": "github:requirejs/text#latest"
    },
    "peerDependencies": {},
    "devDependencies": {
      "aurelia-cli": "^0.32.0",
      "aurelia-testing": "^1.0.0-beta.3.0.1",
      "aurelia-tools": "^1.0.0",
      "gulp": "github:gulpjs/gulp#4.0",
      "minimatch": "^3.0.2",
      "through2": "^2.0.1",
      "uglify-js": "^3.0.19",
      "vinyl-fs": "^2.4.3",
      "event-stream": "^3.3.3",
      "gulp-typescript": "^3.1.4",
      "gulp-tslint": "^5.0.0",
      "tslint": "^3.11.0",
      "typescript": ">=1.9.0-dev || ^2.0.0",
      "@types/node": "^6.0.45",
      "gulp-sass": "^3.1.0",
      "jasmine-core": "^2.4.1",
      "karma": "^0.13.22",
      "karma-chrome-launcher": "^2.2.0",
      "karma-jasmine": "^1.0.2",
      "karma-sourcemap-loader": "^0.3.7",
      "karma-typescript-preprocessor": "^0.2.1",
      "@types/jasmine": "^2.2.0",
      "browser-sync": "^2.13.0",
      "connect-history-api-fallback": "^1.2.0",
      "debounce": "^1.0.2",
      "gulp-changed-in-place": "^2.0.3",
      "gulp-plumber": "^1.1.0",
      "gulp-rename": "^1.2.2",
      "gulp-sourcemaps": "^2.0.0-alpha",
      "gulp-notify": "^2.2.0",
      "gulp-watch": "^4.3.11"
    }
  }

yarn manifest: 
  No manifest

Lockfile: 
  No lockfile

Trace: 
  Error: EPERM: operation not permitted, open 'C:\Source\SourceMapProblem\AureliaApp\node_modules\npm\node_modules\normalize-package-data\AUTHORS'
      at Error (native)
