Arguments: 
  C:\Program Files\nodejs\node.exe C:\Program Files (x86)\Yarn\bin\yarn.js link library

PATH: 
  C:\Program Files (x86)\Intel\iCLS Client\;C:\Program Files\Intel\iCLS Client\;C:\WINDOWS\system32;C:\WINDOWS;C:\WINDOWS\System32\Wbem;C:\WINDOWS\System32\WindowsPowerShell\v1.0\;C:\Program Files\Intel\WiFi\bin\;C:\Program Files\Common Files\Intel\WirelessCommon\;C:\Program Files (x86)\Intel\Intel(R) Management Engine Components\DAL;C:\Program Files\Intel\Intel(R) Management Engine Components\DAL;C:\Program Files (x86)\Intel\Intel(R) Management Engine Components\IPT;C:\Program Files\Intel\Intel(R) Management Engine Components\IPT;C:\Program Files\Symantec.cloud\PlatformAgent\;C:\Program Files\Microsoft SQL Server\Client SDK\ODBC\130\Tools\Binn\;C:\Program Files (x86)\Microsoft SQL Server\130\Tools\Binn\;C:\Program Files\Microsoft SQL Server\130\Tools\Binn\;C:\Program Files\Microsoft SQL Server\130\DTS\Binn\;C:\Program Files (x86)\Microsoft SQL Server\Client SDK\ODBC\130\Tools\Binn\;C:\Program Files (x86)\Microsoft SQL Server\140\Tools\Binn\;C:\Program Files (x86)\Microsoft SQL Server\140\DTS\Binn\;C:\Program Files (x86)\Microsoft SQL Server\140\Tools\Binn\ManagementStudio\;C:\Program Files\Redis\;C:\Program Files\dotnet\;C:\Program Files\nodejs\;C:\Program Files (x86)\Sennheiser\SoftphoneSDK\;C:\Program Files\Git\cmd;C:\Program Files (x86)\Yarn\bin;C:\Users\tlawandi\AppData\Local\Microsoft\WindowsApps;C:\Users\tlawandi\AppData\Roaming\npm;C:\Program Files\Microsoft VS Code\bin;C:\Users\tlawandi\AppData\Local\Yarn\bin

Yarn version: 
  1.3.2

Node version: 
  6.11.2

Platform: 
  win32 x64

npm manifest: 
  {
    "dependencies": {
      "flatpickr": "^4.3.2"
    }
  }

yarn manifest: 
  No manifest

Lockfile: 
  # THIS IS AN AUTOGENERATED FILE. DO NOT EDIT THIS FILE DIRECTLY.
  # yarn lockfile v1
  
  
  flatpickr@^4.3.2:
    version "4.3.2"
    resolved "https://registry.yarnpkg.com/flatpickr/-/flatpickr-4.3.2.tgz#6a477043c075ef36c3ff54fadb49b936a64d635f"

Trace: 
  Error: EBUSY: resource busy or locked, symlink 'C:\Users\tlawandi\AppData\Local\Yarn\config\link\library' -> 'C:\Source\SourceMapProblem\WebProject\WebProject\node_modules\library'
      at Error (native)
